2023-03-03 16:03:38,899 [Worker-7: Loading available Gradle versions] INFO  o.e.b.c.i.u.g.PublishedGradleVersions - Gradle version information cache is up-to-date. Trying to read.
2023-03-03 16:04:39,550 [Worker-3: Loading available Gradle versions] INFO  o.e.b.c.i.u.g.PublishedGradleVersions - Gradle version information cache is up-to-date. Trying to read.
2023-03-03 16:46:13,771 [Worker-27: http://download.eclipse.org/usssdk/drops/milestone/S909-1.2-RC1/content.jar] INFO  o.a.h.c.h.i.c.HttpRequestRetryExec - Recoverable I/O exception (java.net.SocketException) caught when processing request to {s}->https://download.eclipse.org:443
2023-03-03 16:46:14,025 [Worker-28: http://download.eclipse.org/usssdk/drops/milestone/S909-1.2-RC1/content.xml] INFO  o.a.h.c.h.i.c.HttpRequestRetryExec - Recoverable I/O exception (java.net.SocketException) caught when processing request to {}->http://download.eclipse.org:80
2023-03-03 16:46:14,072 [Worker-27: http://download.eclipse.org/usssdk/drops/milestone/S908-1.2-RC1/p2.index] INFO  o.a.h.c.h.i.c.HttpRequestRetryExec - Recoverable I/O exception (java.net.SocketException) caught when processing request to {}->http://download.eclipse.org:80
2023-03-03 16:46:14,294 [Worker-26: http://download.eclipse.org/usssdk/drops/milestone/S908-1.2-RC1/p2.index] INFO  o.a.h.c.h.i.c.HttpRequestRetryExec - Recoverable I/O exception (java.net.SocketException) caught when processing request to {}->http://download.eclipse.org:80
2023-03-03 16:46:14,325 [Worker-29: http://download.eclipse.org/usssdk/drops/milestone/S908-1.2-RC1/content.jar] INFO  o.a.h.c.h.i.c.HttpRequestRetryExec - Recoverable I/O exception (java.net.SocketException) caught when processing request to {}->http://download.eclipse.org:80
2023-03-03 16:46:14,341 [Worker-28: http://download.eclipse.org/usssdk/drops/milestone/S908-1.2-RC1/content.xml] INFO  o.a.h.c.h.i.c.HttpRequestRetryExec - Recoverable I/O exception (java.net.SocketException) caught when processing request to {}->http://download.eclipse.org:80
2023-03-03 16:46:14,372 [Worker-27: http://download.eclipse.org/usssdk/drops/milestone/S20210519-025928-1.2.2-M1/p2.index] INFO  o.a.h.c.h.i.c.HttpRequestRetryExec - Recoverable I/O exception (java.net.SocketException) caught when processing request to {}->http://download.eclipse.org:80
2023-03-03 16:46:14,605 [Worker-28: http://download.eclipse.org/usssdk/drops/milestone/S20210519-025928-1.2.2-M1/p2.index] INFO  o.a.h.c.h.i.c.HttpRequestRetryExec - Recoverable I/O exception (java.net.SocketException) caught when processing request to {}->http://download.eclipse.org:80
2023-03-03 16:46:14,652 [Worker-29: http://download.eclipse.org/usssdk/drops/milestone/S20210519-025928-1.2.2-M1/content.xml.xz] INFO  o.a.h.c.h.i.c.HttpRequestRetryExec - Recoverable I/O exception (java.net.SocketException) caught when processing request to {}->http://download.eclipse.org:80
2023-03-03 16:46:14,683 [Worker-26: http://download.eclipse.org/usssdk/drops/milestone/S20210519-025928-1.2.2-M1/content.xml.xz] INFO  o.a.h.c.h.i.c.HttpRequestRetryExec - Recoverable I/O exception (java.net.SocketException) caught when processing request to {}->http://download.eclipse.org:80
2023-03-03 16:46:14,902 [Worker-26: http://download.eclipse.org/usssdk/drops/milestone/S20210519-025928-1.2.2-M1/content.xml.xz] INFO  o.a.h.c.h.i.c.HttpRequestRetryExec - Recoverable I/O exception (java.net.SocketException) caught when processing request to {}->http://download.eclipse.org:80
2023-03-03 16:46:14,902 [Worker-27: http://download.eclipse.org/usssdk/drops/milestone/S20210406-153234/p2.index] INFO  o.a.h.c.h.i.c.HttpRequestRetryExec - Recoverable I/O exception (java.net.SocketException) caught when processing request to {}->http://download.eclipse.org:80
2023-03-03 16:46:15,129 [Worker-28: http://download.eclipse.org/usssdk/drops/milestone/S20210406-153234/p2.index] INFO  o.a.h.c.h.i.c.HttpRequestRetryExec - Recoverable I/O exception (java.net.SocketException) caught when processing request to {}->http://download.eclipse.org:80
2023-03-03 16:46:15,161 [Worker-27: http://download.eclipse.org/usssdk/drops/milestone/S20210406-153234/content.xml.xz] INFO  o.a.h.c.h.i.c.HttpRequestRetryExec - Recoverable I/O exception (java.net.SocketException) caught when processing request to {}->http://download.eclipse.org:80
2023-03-03 16:46:15,176 [Worker-26: http://download.eclipse.org/usssdk/drops/milestone/S20210406-153234/content.xml.xz] INFO  o.a.h.c.h.i.c.HttpRequestRetryExec - Recoverable I/O exception (java.net.SocketException) caught when processing request to {}->http://download.eclipse.org:80
2023-03-03 16:46:15,395 [Worker-27: http://download.eclipse.org/usssdk/drops/milestone/S20210406-153234/content.xml.xz] INFO  o.a.h.c.h.i.c.HttpRequestRetryExec - Recoverable I/O exception (java.net.SocketException) caught when processing request to {}->http://download.eclipse.org:80
2023-03-03 16:46:15,443 [Worker-28: http://download.eclipse.org/usssdk/drops/milestone/S20191129-202804-1.2.1-RC2/p2.index] INFO  o.a.h.c.h.i.c.HttpRequestRetryExec - Recoverable I/O exception (java.net.SocketException) caught when processing request to {}->http://download.eclipse.org:80
2023-03-03 16:46:15,702 [Worker-26: http://download.eclipse.org/usssdk/drops/milestone/S20191129-202804-1.2.1-RC2/p2.index] INFO  o.a.h.c.h.i.c.HttpRequestRetryExec - Recoverable I/O exception (java.net.SocketException) caught when processing request to {}->http://download.eclipse.org:80
2023-03-03 16:46:15,734 [Worker-29: http://download.eclipse.org/usssdk/drops/milestone/S20191129-202804-1.2.1-RC2/content.jar] INFO  o.a.h.c.h.i.c.HttpRequestRetryExec - Recoverable I/O exception (java.net.SocketException) caught when processing request to {}->http://download.eclipse.org:80
2023-03-03 16:46:15,765 [Worker-27: http://download.eclipse.org/usssdk/drops/milestone/S20191129-202804-1.2.1-RC2/content.xml] INFO  o.a.h.c.h.i.c.HttpRequestRetryExec - Recoverable I/O exception (java.net.SocketException) caught when processing request to {}->http://download.eclipse.org:80
2023-03-03 16:46:15,821 [Worker-26: http://download.eclipse.org/usssdk/drops/milestone/S20191118-183434-1.2.1-RC1/p2.index] INFO  o.a.h.c.h.i.c.HttpRequestRetryExec - Recoverable I/O exception (java.net.SocketException) caught when processing request to {}->http://download.eclipse.org:80
2023-03-03 16:46:16,043 [Worker-29: http://download.eclipse.org/usssdk/drops/milestone/S20191118-183434-1.2.1-RC1/p2.index] INFO  o.a.h.c.h.i.c.HttpRequestRetryExec - Recoverable I/O exception (java.net.SocketException) caught when processing request to {}->http://download.eclipse.org:80
2023-03-03 16:46:16,074 [Worker-28: http://download.eclipse.org/usssdk/drops/milestone/S20191118-183434-1.2.1-RC1/content.jar] INFO  o.a.h.c.h.i.c.HttpRequestRetryExec - Recoverable I/O exception (java.net.SocketException) caught when processing request to {}->http://download.eclipse.org:80
2023-03-03 16:46:16,106 [Worker-26: http://download.eclipse.org/usssdk/drops/milestone/S20191118-183434-1.2.1-RC1/content.xml] INFO  o.a.h.c.h.i.c.HttpRequestRetryExec - Recoverable I/O exception (java.net.SocketException) caught when processing request to {}->http://download.eclipse.org:80
2023-03-03 16:46:16,106 [Worker-27: http://download.eclipse.org/usssdk/drops/milestone/S20170529-101518-1.1-RC2/p2.index] INFO  o.a.h.c.h.i.c.HttpRequestRetryExec - Recoverable I/O exception (java.net.SocketException) caught when processing request to {}->http://download.eclipse.org:80
2023-03-03 16:46:16,357 [Worker-27: http://download.eclipse.org/usssdk/drops/milestone/S20170529-101518-1.1-RC2/p2.index] INFO  o.a.h.c.h.i.c.HttpRequestRetryExec - Recoverable I/O exception (java.net.SocketException) caught when processing request to {}->http://download.eclipse.org:80
2023-03-03 16:46:16,404 [Worker-28: http://download.eclipse.org/usssdk/drops/milestone/S20170529-101518-1.1-RC2/content.jar] INFO  o.a.h.c.h.i.c.HttpRequestRetryExec - Recoverable I/O exception (java.net.SocketException) caught when processing request to {}->http://download.eclipse.org:80
2023-03-03 16:46:16,442 [Worker-29: http://download.eclipse.org/usssdk/drops/milestone/S20170529-101518-1.1-RC2/content.xml] INFO  o.a.h.c.h.i.c.HttpRequestRetryExec - Recoverable I/O exception (java.net.SocketException) caught when processing request to {}->http://download.eclipse.org:80
2023-03-03 16:46:16,461 [Worker-28: http://download.eclipse.org/usssdk/drops/milestone/S20170525-115740-1.1-RC2/p2.index] INFO  o.a.h.c.h.i.c.HttpRequestRetryExec - Recoverable I/O exception (java.net.SocketException) caught when processing request to {}->http://download.eclipse.org:80
2023-03-03 16:46:16,710 [Worker-27: http://download.eclipse.org/usssdk/drops/milestone/S20170525-115740-1.1-RC2/p2.index] INFO  o.a.h.c.h.i.c.HttpRequestRetryExec - Recoverable I/O exception (java.net.SocketException) caught when processing request to {}->http://download.eclipse.org:80
2023-03-03 16:46:16,757 [Worker-28: http://download.eclipse.org/usssdk/drops/milestone/S20170525-115740-1.1-RC2/content.jar] INFO  o.a.h.c.h.i.c.HttpRequestRetryExec - Recoverable I/O exception (java.net.SocketException) caught when processing request to {}->http://download.eclipse.org:80
2023-03-03 16:46:16,804 [Worker-26: http://download.eclipse.org/usssdk/drops/milestone/S20170525-115740-1.1-RC2/content.xml] INFO  o.a.h.c.h.i.c.HttpRequestRetryExec - Recoverable I/O exception (java.net.SocketException) caught when processing request to {}->http://download.eclipse.org:80
2023-03-03 16:46:16,851 [Worker-28: http://download.eclipse.org/usssdk/drops/milestone/S20170523-143239-1.1-RC1/p2.index] INFO  o.a.h.c.h.i.c.HttpRequestRetryExec - Recoverable I/O exception (java.net.SocketException) caught when processing request to {}->http://download.eclipse.org:80
2023-03-03 16:47:07,960 [Worker-29: http://download.eclipse.org/usssdk/drops/nightly/N20230227-044123/p2.index] INFO  o.a.h.c.h.i.c.HttpRequestRetryExec - Recoverable I/O exception (java.net.SocketException) caught when processing request to {s}->https://download.eclipse.org:443
2023-03-03 16:48:14,253 [Worker-29: http://testng.org/testng-p2-update-site/7.1.0/compositeContent.xml] INFO  o.a.h.c.h.i.c.HttpRequestRetryExec - Recoverable I/O exception (java.net.SocketException) caught when processing request to {s}->https://testng.org:443
2023-03-03 17:10:11,819 [Worker-3: Loading available Gradle versions] INFO  o.e.b.c.i.u.g.PublishedGradleVersions - Gradle version information cache is up-to-date. Trying to read.
2023-03-03 17:31:05,072 [Worker-9: http://download.eclipse.org/usssdk/drops/milestone/S20170516-113326-1.1-M7/content.jar] INFO  o.a.h.c.h.i.c.HttpRequestRetryExec - Recoverable I/O exception (java.net.SocketException) caught when processing request to {s}->https://download.eclipse.org:443
2023-03-03 17:32:30,485 [Worker-1: http://testng.org/testng-p2-update-site/6.12.0/compositeContent.jar] INFO  o.a.h.c.h.i.c.HttpRequestRetryExec - Recoverable I/O exception (java.net.SocketException) caught when processing request to {s}->https://testng.org:443
2023-03-03 17:33:34,177 [Worker-10: https://download.oracle.com/otn_software/oepe/library/eclipse-m2e-1.9/content.jar] INFO  o.a.h.c.h.i.c.HttpRequestRetryExec - Recoverable I/O exception (java.net.SocketException) caught when processing request to {s}->https://download.oracle.com:443
2023-03-03 17:34:13,096 [Worker-11: https://download.oracle.com/otn_software/oepe/library/oracle-cloud-storage-service-sdk-13/content.jar] INFO  o.a.h.c.h.i.c.HttpRequestRetryExec - Recoverable I/O exception (java.net.SocketException) caught when processing request to {s}->https://download.oracle.com:443
